<?xml version="1.0" encoding="UTF-8"?>
<Site BuildName="Win32-mingw32-make"
	BuildStamp="20230821-0349-Experimental"
	Name="tvb2Acer"
	Generator="ctest-3.26.3"
	CompilerName="C:/msys64/mingw64/bin/g++.exe"
	CompilerVersion="13.1.0"
	OSName="Windows"
	Hostname="tvb2Acer"
	OSRelease=" Personal"
	OSVersion=" (Build 22621)"
	OSPlatform="AMD64"
	Is64Bits="1"
	VendorString="GenuineIntel"
	VendorID="Intel Corporation"
	FamilyID="6"
	ModelID="10"
	ProcessorCacheSize="-1"
	NumberOfLogicalCPU="12"
	NumberOfPhysicalCPU="10"
	TotalVirtualMemory="17112"
	TotalPhysicalMemory="16088"
	LogicalProcessorsPerPhysical="1"
	ProcessorClockFrequency="2611"
	>
	<Testing>
		<StartDateTime>Aug 21 07:51 Georgian Standard Time</StartDateTime>
		<StartTestTime>1692589903</StartTestTime>
		<TestList/>
		<EndDateTime>Aug 21 07:51 Georgian Standard Time</EndDateTime>
		<EndTestTime>1692589903</EndTestTime>
		<ElapsedMinutes>0</ElapsedMinutes>
	</Testing>
</Site>
